{"uid":"6e224e6c4a315461","name":"Delete User Account","fullName":"Flask.tests_Selenium.test_userflow_ui_selenium#test_delete_account","historyId":"6500a03c9eb66e4d1166fc36aa01dab7","time":{"start":1760733075324,"stop":1760733079101,"duration":3777},"status":"failed","statusMessage":"AssertionError: assert 'http://127.0...8000/products' == 'http://127.0.0.1:8000/'\n  \n  - http://127.0.0.1:8000/\n  + http://127.0.0.1:8000/products\n  ?                       ++++++++","statusTrace":"driver = <selenium.webdriver.chrome.webdriver.WebDriver (session=\"c94d569b12b06f8aa21ea135352a58b0\")>\n\n    @allure.severity(Severity.CRITICAL)\n    @allure.title(\"Delete User Account\")\n    def test_delete_account(driver):\n        test_login(driver)\n    \n        with allure.step(\"Delete Account with 'DELETE' confirmation\"):\n            wait_and_click(driver, By.NAME, \"del_acc_btn\")\n            wait_for(driver, By.NAME, \"del\").send_keys(\"DELETE\")\n            wait_and_click(driver, By.NAME, \"del_acc_btn\")\n    \n        with allure.step(\"Verify Account Deleted\"):\n            time.sleep(1)\n            body_text = driver.page_source\n            assert \"Account deleted\" in body_text\n    \n        with allure.step(\"Verify Redirect to Home\"):\n            time.sleep(1)\n>           assert driver.current_url == f\"{BASE_URL}/\"\nE           AssertionError: assert 'http://127.0...8000/products' == 'http://127.0.0.1:8000/'\nE             \nE             - http://127.0.0.1:8000/\nE             + http://127.0.0.1:8000/products\nE             ?                       ++++++++\n\nFlask/tests_Selenium/test_userflow_ui_selenium.py:141: AssertionError","flaky":false,"newFailed":true,"newBroken":false,"newPassed":false,"retriesCount":0,"retriesStatusChange":false,"beforeStages":[{"name":"driver","time":{"start":1760733075065,"stop":1760733075323,"duration":258},"status":"passed","steps":[],"attachments":[],"parameters":[],"shouldDisplayMessage":false,"stepsCount":0,"attachmentsCount":0,"hasContent":false,"attachmentStep":false}],"testStage":{"status":"failed","statusMessage":"AssertionError: assert 'http://127.0...8000/products' == 'http://127.0.0.1:8000/'\n  \n  - http://127.0.0.1:8000/\n  + http://127.0.0.1:8000/products\n  ?                       ++++++++","statusTrace":"driver = <selenium.webdriver.chrome.webdriver.WebDriver (session=\"c94d569b12b06f8aa21ea135352a58b0\")>\n\n    @allure.severity(Severity.CRITICAL)\n    @allure.title(\"Delete User Account\")\n    def test_delete_account(driver):\n        test_login(driver)\n    \n        with allure.step(\"Delete Account with 'DELETE' confirmation\"):\n            wait_and_click(driver, By.NAME, \"del_acc_btn\")\n            wait_for(driver, By.NAME, \"del\").send_keys(\"DELETE\")\n            wait_and_click(driver, By.NAME, \"del_acc_btn\")\n    \n        with allure.step(\"Verify Account Deleted\"):\n            time.sleep(1)\n            body_text = driver.page_source\n            assert \"Account deleted\" in body_text\n    \n        with allure.step(\"Verify Redirect to Home\"):\n            time.sleep(1)\n>           assert driver.current_url == f\"{BASE_URL}/\"\nE           AssertionError: assert 'http://127.0...8000/products' == 'http://127.0.0.1:8000/'\nE             \nE             - http://127.0.0.1:8000/\nE             + http://127.0.0.1:8000/products\nE             ?                       ++++++++\n\nFlask/tests_Selenium/test_userflow_ui_selenium.py:141: AssertionError","steps":[{"name":"Open Login Page","time":{"start":1760733075324,"stop":1760733075447,"duration":123},"status":"passed","steps":[],"attachments":[],"parameters":[],"shouldDisplayMessage":false,"stepsCount":0,"attachmentsCount":0,"hasContent":false,"attachmentStep":false},{"name":"Enter Credentials and Submit","time":{"start":1760733075447,"stop":1760733075931,"duration":484},"status":"passed","steps":[],"attachments":[],"parameters":[],"shouldDisplayMessage":false,"stepsCount":0,"attachmentsCount":0,"hasContent":false,"attachmentStep":false},{"name":"Check if redirected to User Page","time":{"start":1760733075931,"stop":1760733076936,"duration":1005},"status":"passed","steps":[],"attachments":[],"parameters":[],"shouldDisplayMessage":false,"stepsCount":0,"attachmentsCount":0,"hasContent":false,"attachmentStep":false},{"name":"Delete Account with 'DELETE' confirmation","time":{"start":1760733076936,"stop":1760733077091,"duration":155},"status":"passed","steps":[],"attachments":[],"parameters":[],"shouldDisplayMessage":false,"stepsCount":0,"attachmentsCount":0,"hasContent":false,"attachmentStep":false},{"name":"Verify Account Deleted","time":{"start":1760733077091,"stop":1760733078096,"duration":1005},"status":"passed","steps":[],"attachments":[],"parameters":[],"shouldDisplayMessage":false,"stepsCount":0,"attachmentsCount":0,"hasContent":false,"attachmentStep":false},{"name":"Verify Redirect to Home","time":{"start":1760733078096,"stop":1760733079101,"duration":1005},"status":"failed","statusMessage":"AssertionError: assert 'http://127.0...8000/products' == 'http://127.0.0.1:8000/'\n  \n  - http://127.0.0.1:8000/\n  + http://127.0.0.1:8000/products\n  ?                       ++++++++\n","statusTrace":"  File \"/home/runner/work/GithubPortfolio/GithubPortfolio/Flask/tests_Selenium/test_userflow_ui_selenium.py\", line 141, in test_delete_account\n    assert driver.current_url == f\"{BASE_URL}/\"\n","steps":[],"attachments":[],"parameters":[],"shouldDisplayMessage":true,"stepsCount":0,"attachmentsCount":0,"hasContent":true,"attachmentStep":false}],"attachments":[{"uid":"7cb0b52de564c0ba","name":"Screenshot","source":"7cb0b52de564c0ba.png","type":"image/png","size":723056}],"parameters":[],"shouldDisplayMessage":true,"stepsCount":6,"attachmentsCount":1,"hasContent":true,"attachmentStep":false},"afterStages":[{"name":"driver::0","time":{"start":1760733079448,"stop":1760733079507,"duration":59},"status":"passed","steps":[],"attachments":[],"parameters":[],"shouldDisplayMessage":false,"stepsCount":0,"attachmentsCount":0,"hasContent":false,"attachmentStep":false}],"labels":[{"name":"severity","value":"critical"},{"name":"parentSuite","value":"Flask.tests_Selenium"},{"name":"suite","value":"test_userflow_ui_selenium"},{"name":"host","value":"runnervmzdgdc"},{"name":"thread","value":"2943-MainThread"},{"name":"framework","value":"pytest"},{"name":"language","value":"cpython3"},{"name":"package","value":"Flask.tests_Selenium.test_userflow_ui_selenium"},{"name":"resultFormat","value":"allure2"}],"parameters":[],"links":[],"hidden":false,"retry":false,"extra":{"severity":"critical","retries":[],"categories":[{"name":"Product defects","matchedStatuses":[],"flaky":false}],"history":{"statistic":{"failed":1,"broken":4,"skipped":0,"passed":0,"unknown":0,"total":5},"items":[{"uid":"32047c9fba577c0d","status":"broken","statusDetails":"selenium.common.exceptions.WebDriverException: Message: unknown error: net::ERR_CONNECTION_REFUSED\n  (Session info: chrome=141.0.7390.107)\nStacktrace:\n#0 0x5603c006967a <unknown>\n#1 0x5603bfae8566 <unknown>\n#2 0x5603bfadf470 <unknown>\n#3 0x5603bfad0926 <unknown>\n#4 0x5603bfad272b <unknown>\n#5 0x5603bfad0eb1 <unknown>\n#6 0x5603bfad0650 <unknown>\n#7 0x5603bfad0302 <unknown>\n#8 0x5603bface142 <unknown>\n#9 0x5603bface92a <unknown>\n#10 0x5603bfaeba99 <unknown>\n#11 0x5603bfb86ee5 <unknown>\n#12 0x5603bfb60632 <unknown>\n#13 0x5603bfb86328 <unknown>\n#14 0x5603bfb60403 <unknown>\n#15 0x5603bfb2cb02 <unknown>\n#16 0x5603bfb2d7c1 <unknown>\n#17 0x5603c002d448 <unknown>\n#18 0x5603c00312af <unknown>\n#19 0x5603c00148d9 <unknown>\n#20 0x5603c0031e55 <unknown>\n#21 0x5603bfffa13f <unknown>\n#22 0x5603c00564b8 <unknown>\n#23 0x5603c0056693 <unknown>\n#24 0x5603c0068613 <unknown>\n#25 0x7f1036c9caa4 <unknown>\n#26 0x7f1036d29c6c <unknown>","time":{"start":1760732516198,"stop":1760732516313,"duration":115}},{"uid":"6cd233c654758fec","status":"broken","statusDetails":"selenium.common.exceptions.WebDriverException: Message: unknown error: net::ERR_CONNECTION_REFUSED\n  (Session info: chrome=141.0.7390.107)\nStacktrace:\n#0 0x56442e31067a <unknown>\n#1 0x56442dd8f566 <unknown>\n#2 0x56442dd86470 <unknown>\n#3 0x56442dd77926 <unknown>\n#4 0x56442dd7972b <unknown>\n#5 0x56442dd77eb1 <unknown>\n#6 0x56442dd77650 <unknown>\n#7 0x56442dd77302 <unknown>\n#8 0x56442dd75142 <unknown>\n#9 0x56442dd7592a <unknown>\n#10 0x56442dd92a99 <unknown>\n#11 0x56442de2dee5 <unknown>\n#12 0x56442de07632 <unknown>\n#13 0x56442de2d328 <unknown>\n#14 0x56442de07403 <unknown>\n#15 0x56442ddd3b02 <unknown>\n#16 0x56442ddd47c1 <unknown>\n#17 0x56442e2d4448 <unknown>\n#18 0x56442e2d82af <unknown>\n#19 0x56442e2bb8d9 <unknown>\n#20 0x56442e2d8e55 <unknown>\n#21 0x56442e2a113f <unknown>\n#22 0x56442e2fd4b8 <unknown>\n#23 0x56442e2fd693 <unknown>\n#24 0x56442e30f613 <unknown>\n#25 0x7fac3689caa4 <unknown>\n#26 0x7fac36929c6c <unknown>","time":{"start":1760731961599,"stop":1760731961719,"duration":120}},{"uid":"1d7b14126f7a43cf","status":"broken","statusDetails":"selenium.common.exceptions.WebDriverException: Message: unknown error: net::ERR_CONNECTION_REFUSED\n  (Session info: chrome=141.0.7390.107)\nStacktrace:\n#0 0x55a6e034967a <unknown>\n#1 0x55a6dfdc8566 <unknown>\n#2 0x55a6dfdbf470 <unknown>\n#3 0x55a6dfdb0926 <unknown>\n#4 0x55a6dfdb272b <unknown>\n#5 0x55a6dfdb0eb1 <unknown>\n#6 0x55a6dfdb0650 <unknown>\n#7 0x55a6dfdb0302 <unknown>\n#8 0x55a6dfdae142 <unknown>\n#9 0x55a6dfdae92a <unknown>\n#10 0x55a6dfdcba99 <unknown>\n#11 0x55a6dfe66ee5 <unknown>\n#12 0x55a6dfe40632 <unknown>\n#13 0x55a6dfe66328 <unknown>\n#14 0x55a6dfe40403 <unknown>\n#15 0x55a6dfe0cb02 <unknown>\n#16 0x55a6dfe0d7c1 <unknown>\n#17 0x55a6e030d448 <unknown>\n#18 0x55a6e03112af <unknown>\n#19 0x55a6e02f48d9 <unknown>\n#20 0x55a6e0311e55 <unknown>\n#21 0x55a6e02da13f <unknown>\n#22 0x55a6e03364b8 <unknown>\n#23 0x55a6e0336693 <unknown>\n#24 0x55a6e0348613 <unknown>\n#25 0x7f6ad309caa4 <unknown>\n#26 0x7f6ad3129c6c <unknown>","time":{"start":1760731616218,"stop":1760731616332,"duration":114}},{"uid":"f638df9eeb444dcb","status":"broken","statusDetails":"selenium.common.exceptions.WebDriverException: Message: unknown error: net::ERR_CONNECTION_REFUSED\n  (Session info: chrome=141.0.7390.107)\nStacktrace:\n#0 0x561cb5b6667a <unknown>\n#1 0x561cb55e5566 <unknown>\n#2 0x561cb55dc470 <unknown>\n#3 0x561cb55cd926 <unknown>\n#4 0x561cb55cf72b <unknown>\n#5 0x561cb55cdeb1 <unknown>\n#6 0x561cb55cd650 <unknown>\n#7 0x561cb55cd302 <unknown>\n#8 0x561cb55cb142 <unknown>\n#9 0x561cb55cb92a <unknown>\n#10 0x561cb55e8a99 <unknown>\n#11 0x561cb5683ee5 <unknown>\n#12 0x561cb565d632 <unknown>\n#13 0x561cb5683328 <unknown>\n#14 0x561cb565d403 <unknown>\n#15 0x561cb5629b02 <unknown>\n#16 0x561cb562a7c1 <unknown>\n#17 0x561cb5b2a448 <unknown>\n#18 0x561cb5b2e2af <unknown>\n#19 0x561cb5b118d9 <unknown>\n#20 0x561cb5b2ee55 <unknown>\n#21 0x561cb5af713f <unknown>\n#22 0x561cb5b534b8 <unknown>\n#23 0x561cb5b53693 <unknown>\n#24 0x561cb5b65613 <unknown>\n#25 0x7f885d09caa4 <unknown>\n#26 0x7f885d129c6c <unknown>","time":{"start":1760730794149,"stop":1760730794241,"duration":92}}]},"tags":[]},"source":"6e224e6c4a315461.json","parameterValues":[]}