{"uid":"7dc07a2db3d70ac","name":"Delete User Account","fullName":"tests.test_userflow_ui_selenium#test_delete_account","historyId":"599d79b977e1adba229faaa6128a1018","time":{"start":1757580395295,"stop":1757580399064,"duration":3769},"status":"failed","statusMessage":"AssertionError: assert 'http://127.0...5000/products' == 'http://127.0.0.1:5000/'\n  \n  - http://127.0.0.1:5000/\n  + http://127.0.0.1:5000/products\n  ?                       ++++++++","statusTrace":"driver = <selenium.webdriver.chrome.webdriver.WebDriver (session=\"d4a6200304fdd6ae2862885d6e3e04f6\")>\n\n    @allure.severity(Severity.CRITICAL)\n    @allure.title(\"Delete User Account\")\n    def test_delete_account(driver):\n        test_login(driver)\n    \n        with allure.step(\"Delete Account with 'DELETE' confirmation\"):\n            wait_and_click(driver, By.NAME, \"del_acc_btn\")\n            wait_for(driver, By.NAME, \"del\").send_keys(\"DELETE\")\n            wait_and_click(driver, By.NAME, \"del_acc_btn\")\n    \n        with allure.step(\"Verify Account Deleted\"):\n            time.sleep(1)\n            body_text = driver.page_source\n            assert \"Account deleted\" in body_text\n    \n        with allure.step(\"Verify Redirect to Home\"):\n            time.sleep(1)\n>           assert driver.current_url == f\"{BASE_URL}/\"\nE           AssertionError: assert 'http://127.0...5000/products' == 'http://127.0.0.1:5000/'\nE             \nE             - http://127.0.0.1:5000/\nE             + http://127.0.0.1:5000/products\nE             ?                       ++++++++\n\nFlask/tests/test_userflow_ui_selenium.py:141: AssertionError","flaky":false,"newFailed":false,"newBroken":false,"newPassed":false,"retriesCount":0,"retriesStatusChange":false,"beforeStages":[{"name":"driver","time":{"start":1757580395038,"stop":1757580395294,"duration":256},"status":"passed","steps":[],"attachments":[],"parameters":[],"shouldDisplayMessage":false,"stepsCount":0,"attachmentsCount":0,"hasContent":false,"attachmentStep":false}],"testStage":{"status":"failed","statusMessage":"AssertionError: assert 'http://127.0...5000/products' == 'http://127.0.0.1:5000/'\n  \n  - http://127.0.0.1:5000/\n  + http://127.0.0.1:5000/products\n  ?                       ++++++++","statusTrace":"driver = <selenium.webdriver.chrome.webdriver.WebDriver (session=\"d4a6200304fdd6ae2862885d6e3e04f6\")>\n\n    @allure.severity(Severity.CRITICAL)\n    @allure.title(\"Delete User Account\")\n    def test_delete_account(driver):\n        test_login(driver)\n    \n        with allure.step(\"Delete Account with 'DELETE' confirmation\"):\n            wait_and_click(driver, By.NAME, \"del_acc_btn\")\n            wait_for(driver, By.NAME, \"del\").send_keys(\"DELETE\")\n            wait_and_click(driver, By.NAME, \"del_acc_btn\")\n    \n        with allure.step(\"Verify Account Deleted\"):\n            time.sleep(1)\n            body_text = driver.page_source\n            assert \"Account deleted\" in body_text\n    \n        with allure.step(\"Verify Redirect to Home\"):\n            time.sleep(1)\n>           assert driver.current_url == f\"{BASE_URL}/\"\nE           AssertionError: assert 'http://127.0...5000/products' == 'http://127.0.0.1:5000/'\nE             \nE             - http://127.0.0.1:5000/\nE             + http://127.0.0.1:5000/products\nE             ?                       ++++++++\n\nFlask/tests/test_userflow_ui_selenium.py:141: AssertionError","steps":[{"name":"Open Login Page","time":{"start":1757580395295,"stop":1757580395409,"duration":114},"status":"passed","steps":[],"attachments":[],"parameters":[],"shouldDisplayMessage":false,"stepsCount":0,"attachmentsCount":0,"hasContent":false,"attachmentStep":false},{"name":"Enter Credentials and Submit","time":{"start":1757580395409,"stop":1757580395893,"duration":484},"status":"passed","steps":[],"attachments":[],"parameters":[],"shouldDisplayMessage":false,"stepsCount":0,"attachmentsCount":0,"hasContent":false,"attachmentStep":false},{"name":"Check if redirected to User Page","time":{"start":1757580395893,"stop":1757580396899,"duration":1006},"status":"passed","steps":[],"attachments":[],"parameters":[],"shouldDisplayMessage":false,"stepsCount":0,"attachmentsCount":0,"hasContent":false,"attachmentStep":false},{"name":"Delete Account with 'DELETE' confirmation","time":{"start":1757580396899,"stop":1757580397053,"duration":154},"status":"passed","steps":[],"attachments":[],"parameters":[],"shouldDisplayMessage":false,"stepsCount":0,"attachmentsCount":0,"hasContent":false,"attachmentStep":false},{"name":"Verify Account Deleted","time":{"start":1757580397053,"stop":1757580398058,"duration":1005},"status":"passed","steps":[],"attachments":[],"parameters":[],"shouldDisplayMessage":false,"stepsCount":0,"attachmentsCount":0,"hasContent":false,"attachmentStep":false},{"name":"Verify Redirect to Home","time":{"start":1757580398058,"stop":1757580399063,"duration":1005},"status":"failed","statusMessage":"AssertionError: assert 'http://127.0...5000/products' == 'http://127.0.0.1:5000/'\n  \n  - http://127.0.0.1:5000/\n  + http://127.0.0.1:5000/products\n  ?                       ++++++++\n","statusTrace":"  File \"/home/runner/work/GithubPortfolio/GithubPortfolio/Flask/tests/test_userflow_ui_selenium.py\", line 141, in test_delete_account\n    assert driver.current_url == f\"{BASE_URL}/\"\n","steps":[],"attachments":[],"parameters":[],"shouldDisplayMessage":true,"stepsCount":0,"attachmentsCount":0,"hasContent":true,"attachmentStep":false}],"attachments":[{"uid":"d49f40e75f36593e","name":"Screenshot","source":"d49f40e75f36593e.png","type":"image/png","size":723056}],"parameters":[],"shouldDisplayMessage":true,"stepsCount":6,"attachmentsCount":1,"hasContent":true,"attachmentStep":false},"afterStages":[{"name":"driver::0","time":{"start":1757580399344,"stop":1757580399404,"duration":60},"status":"passed","steps":[],"attachments":[],"parameters":[],"shouldDisplayMessage":false,"stepsCount":0,"attachmentsCount":0,"hasContent":false,"attachmentStep":false}],"labels":[{"name":"severity","value":"critical"},{"name":"parentSuite","value":"tests"},{"name":"suite","value":"test_userflow_ui_selenium"},{"name":"host","value":"runnervmf4ws1"},{"name":"thread","value":"3079-MainThread"},{"name":"framework","value":"pytest"},{"name":"language","value":"cpython3"},{"name":"package","value":"tests.test_userflow_ui_selenium"},{"name":"resultFormat","value":"allure2"}],"parameters":[],"links":[],"hidden":false,"retry":false,"extra":{"severity":"critical","retries":[],"categories":[{"name":"Product defects","matchedStatuses":[],"flaky":false}],"history":{"statistic":{"failed":4,"broken":0,"skipped":0,"passed":6,"unknown":0,"total":10},"items":[{"uid":"1ef4979a402c280f","status":"failed","statusDetails":"AssertionError: assert 'http://127.0...5000/products' == 'http://127.0.0.1:5000/'\n  \n  - http://127.0.0.1:5000/\n  + http://127.0.0.1:5000/products\n  ?                       ++++++++","time":{"start":1756983778560,"stop":1756983782327,"duration":3767}},{"uid":"f97976fff9d53576","status":"failed","statusDetails":"AssertionError: assert 'http://127.0...5000/products' == 'http://127.0.0.1:5000/'\n  \n  - http://127.0.0.1:5000/\n  + http://127.0.0.1:5000/products\n  ?                       ++++++++","time":{"start":1756983580078,"stop":1756983583819,"duration":3741}},{"uid":"96a50f2815b0e527","status":"failed","statusDetails":"AssertionError: assert 'http://127.0...5000/products' == 'http://127.0.0.1:5000/'\n  \n  - http://127.0.0.1:5000/\n  + http://127.0.0.1:5000/products\n  ?                       ++++++++","time":{"start":1756646346414,"stop":1756646350146,"duration":3732}},{"uid":"fa3dedff5d34c430","status":"passed","time":{"start":1754668681806,"stop":1754668687435,"duration":5629}},{"uid":"58374307ac8458ba","status":"passed","time":{"start":1754665804955,"stop":1754665809608,"duration":4653}},{"uid":"5c8ec03f5e9e903b","status":"passed","time":{"start":1754665480983,"stop":1754665487823,"duration":6840}},{"uid":"249155a374fdbed9","status":"passed","time":{"start":1754478035704,"stop":1754478040971,"duration":5267}},{"uid":"c952ee4ce72c810a","status":"passed","time":{"start":1754477027493,"stop":1754477032563,"duration":5070}},{"uid":"9757364a11da5758","status":"passed","time":{"start":1754476207942,"stop":1754476213615,"duration":5673}}]},"tags":[]},"source":"7dc07a2db3d70ac.json","parameterValues":[]}