{"uid":"9d65edf76a82b9e5","name":"Delete User Account","fullName":"tests.test_userflow_ui_selenium#test_delete_account","historyId":"599d79b977e1adba229faaa6128a1018","time":{"start":1756644349474,"stop":1756644353205,"duration":3731},"status":"failed","statusMessage":"AssertionError: assert 'http://127.0...5000/products' == 'http://127.0.0.1:5000/'\n  \n  - http://127.0.0.1:5000/\n  + http://127.0.0.1:5000/products\n  ?                       ++++++++","statusTrace":"driver = <selenium.webdriver.chrome.webdriver.WebDriver (session=\"009a11331670ea604822bcf2987d6a0b\")>\n\n    @allure.severity(Severity.CRITICAL)\n    @allure.title(\"Delete User Account\")\n    def test_delete_account(driver):\n        test_login(driver)\n    \n        with allure.step(\"Delete Account with 'DELETE' confirmation\"):\n            wait_and_click(driver, By.NAME, \"del_acc_btn\")\n            wait_for(driver, By.NAME, \"del\").send_keys(\"DELETE\")\n            wait_and_click(driver, By.NAME, \"del_acc_btn\")\n    \n        with allure.step(\"Verify Account Deleted\"):\n            time.sleep(1)\n            body_text = driver.page_source\n            assert \"Account deleted\" in body_text\n    \n        with allure.step(\"Verify Redirect to Home\"):\n            time.sleep(1)\n>           assert driver.current_url == f\"{BASE_URL}/\"\nE           AssertionError: assert 'http://127.0...5000/products' == 'http://127.0.0.1:5000/'\nE             \nE             - http://127.0.0.1:5000/\nE             + http://127.0.0.1:5000/products\nE             ?                       ++++++++\n\nFlask/tests/test_userflow_ui_selenium.py:141: AssertionError","flaky":false,"newFailed":false,"newBroken":false,"newPassed":false,"retriesCount":0,"retriesStatusChange":false,"beforeStages":[{"name":"driver","time":{"start":1756644349226,"stop":1756644349473,"duration":247},"status":"passed","steps":[],"attachments":[],"parameters":[],"shouldDisplayMessage":false,"stepsCount":0,"attachmentsCount":0,"hasContent":false,"attachmentStep":false}],"testStage":{"status":"failed","statusMessage":"AssertionError: assert 'http://127.0...5000/products' == 'http://127.0.0.1:5000/'\n  \n  - http://127.0.0.1:5000/\n  + http://127.0.0.1:5000/products\n  ?                       ++++++++","statusTrace":"driver = <selenium.webdriver.chrome.webdriver.WebDriver (session=\"009a11331670ea604822bcf2987d6a0b\")>\n\n    @allure.severity(Severity.CRITICAL)\n    @allure.title(\"Delete User Account\")\n    def test_delete_account(driver):\n        test_login(driver)\n    \n        with allure.step(\"Delete Account with 'DELETE' confirmation\"):\n            wait_and_click(driver, By.NAME, \"del_acc_btn\")\n            wait_for(driver, By.NAME, \"del\").send_keys(\"DELETE\")\n            wait_and_click(driver, By.NAME, \"del_acc_btn\")\n    \n        with allure.step(\"Verify Account Deleted\"):\n            time.sleep(1)\n            body_text = driver.page_source\n            assert \"Account deleted\" in body_text\n    \n        with allure.step(\"Verify Redirect to Home\"):\n            time.sleep(1)\n>           assert driver.current_url == f\"{BASE_URL}/\"\nE           AssertionError: assert 'http://127.0...5000/products' == 'http://127.0.0.1:5000/'\nE             \nE             - http://127.0.0.1:5000/\nE             + http://127.0.0.1:5000/products\nE             ?                       ++++++++\n\nFlask/tests/test_userflow_ui_selenium.py:141: AssertionError","steps":[{"name":"Open Login Page","time":{"start":1756644349474,"stop":1756644349558,"duration":84},"status":"passed","steps":[],"attachments":[],"parameters":[],"shouldDisplayMessage":false,"stepsCount":0,"attachmentsCount":0,"hasContent":false,"attachmentStep":false},{"name":"Enter Credentials and Submit","time":{"start":1756644349558,"stop":1756644350035,"duration":477},"status":"passed","steps":[],"attachments":[],"parameters":[],"shouldDisplayMessage":false,"stepsCount":0,"attachmentsCount":0,"hasContent":false,"attachmentStep":false},{"name":"Check if redirected to User Page","time":{"start":1756644350035,"stop":1756644351040,"duration":1005},"status":"passed","steps":[],"attachments":[],"parameters":[],"shouldDisplayMessage":false,"stepsCount":0,"attachmentsCount":0,"hasContent":false,"attachmentStep":false},{"name":"Delete Account with 'DELETE' confirmation","time":{"start":1756644351041,"stop":1756644351195,"duration":154},"status":"passed","steps":[],"attachments":[],"parameters":[],"shouldDisplayMessage":false,"stepsCount":0,"attachmentsCount":0,"hasContent":false,"attachmentStep":false},{"name":"Verify Account Deleted","time":{"start":1756644351195,"stop":1756644352200,"duration":1005},"status":"passed","steps":[],"attachments":[],"parameters":[],"shouldDisplayMessage":false,"stepsCount":0,"attachmentsCount":0,"hasContent":false,"attachmentStep":false},{"name":"Verify Redirect to Home","time":{"start":1756644352200,"stop":1756644353205,"duration":1005},"status":"failed","statusMessage":"AssertionError: assert 'http://127.0...5000/products' == 'http://127.0.0.1:5000/'\n  \n  - http://127.0.0.1:5000/\n  + http://127.0.0.1:5000/products\n  ?                       ++++++++\n","statusTrace":"  File \"/home/runner/work/GithubPortfolio/GithubPortfolio/Flask/tests/test_userflow_ui_selenium.py\", line 141, in test_delete_account\n    assert driver.current_url == f\"{BASE_URL}/\"\n","steps":[],"attachments":[],"parameters":[],"shouldDisplayMessage":true,"stepsCount":0,"attachmentsCount":0,"hasContent":true,"attachmentStep":false}],"attachments":[{"uid":"b7c61c9b1f35cb38","name":"Screenshot","source":"b7c61c9b1f35cb38.png","type":"image/png","size":723056}],"parameters":[],"shouldDisplayMessage":true,"stepsCount":6,"attachmentsCount":1,"hasContent":true,"attachmentStep":false},"afterStages":[{"name":"driver::0","time":{"start":1756644353514,"stop":1756644353575,"duration":61},"status":"passed","steps":[],"attachments":[],"parameters":[],"shouldDisplayMessage":false,"stepsCount":0,"attachmentsCount":0,"hasContent":false,"attachmentStep":false}],"labels":[{"name":"severity","value":"critical"},{"name":"parentSuite","value":"tests"},{"name":"suite","value":"test_userflow_ui_selenium"},{"name":"host","value":"pkrvmccyg1gnepe"},{"name":"thread","value":"2961-MainThread"},{"name":"framework","value":"pytest"},{"name":"language","value":"cpython3"},{"name":"package","value":"tests.test_userflow_ui_selenium"},{"name":"resultFormat","value":"allure2"}],"parameters":[],"links":[],"hidden":false,"retry":false,"extra":{"severity":"critical","retries":[],"categories":[{"name":"Product defects","matchedStatuses":[],"flaky":false}],"history":{"statistic":{"failed":2,"broken":0,"skipped":0,"passed":0,"unknown":0,"total":2},"items":[{"uid":"8eeabd67158ca4cc","status":"failed","statusDetails":"AssertionError: assert 'http://127.0...5000/products' == 'http://127.0.0.1:5000/'\n  \n  - http://127.0.0.1:5000/\n  + http://127.0.0.1:5000/products\n  ?                       ++++++++","time":{"start":1756643741395,"stop":1756643745119,"duration":3724}}]},"tags":[]},"source":"9d65edf76a82b9e5.json","parameterValues":[]}